<?xml version="1.0" encoding="UTF-8"?>
<!-- Generated by org.testng.reporters.JUnitXMLReporter -->
<testsuite ignored="0" hostname="NIK-RAJPUT" failures="1" tests="4" name="EdgeTest" time="10.506" errors="0" timestamp="2024-04-04T09:56:26 IST">
  <testcase classname="Day14.ParameterizationXml" name="testLoginPageTitle" time="0.011"/>
  <testcase classname="Day14.ParameterizationXml" name="testLogo" time="0.434">
    <failure type="java.lang.AssertionError" message="expected [true] but found [false]">
      <![CDATA[java.lang.AssertionError: expected [true] but found [false]
at Day14.ParameterizationXml.testLogo(ParameterizationXml.java:40)
at java.base/java.util.ArrayList.forEach(ArrayList.java:1511)
... Removed 33 stack frames]]>
    </failure>
  </testcase> <!-- testLogo -->
  <testcase classname="Day14.ParameterizationXml" name="testLogin" time="1.698"/>
  <testcase classname="Day14.ParameterizationXml" name="tearUp" time="0.124"/>
</testsuite> <!-- EdgeTest -->
