<?xml version="1.0" encoding="UTF-8"?>
<!-- Generated by org.testng.reporters.JUnitXMLReporter -->
<testsuite ignored="0" hostname="NIK-RAJPUT" failures="0" tests="3" name="MyTest" time="11.456" errors="0" timestamp="2024-03-29T12:17:28 IST">
  <testcase classname="TESTNGday11.FirstTest" name="Openapp" time="10.544"/>
  <testcase classname="TESTNGday11.FirstTest" name="Login" time="0.713"/>
  <testcase classname="TESTNGday11.FirstTest" name="closeapp" time="0.133"/>
</testsuite> <!-- MyTest -->
