<?xml version="1.0" encoding="UTF-8"?>
<testng-results ignored="0" total="3" passed="3" failed="0" skipped="0">
  <reporter-output>
  </reporter-output>
  <suite started-at="2024-04-10T10:12:04 IST" name="Suite" finished-at="2024-04-10T10:12:25 IST" duration-ms="20873">
    <groups>
    </groups>
    <test started-at="2024-04-10T10:12:04 IST" name="Test" finished-at="2024-04-10T10:12:25 IST" duration-ms="20873">
      <class name="Day12.SecondTest">
        <test-method signature="Openapp()[pri:1, instance:Day12.SecondTest@20deea7f]" started-at="2024-04-10T10:12:04 IST" name="Openapp" finished-at="2024-04-10T10:12:22 IST" duration-ms="18061" status="PASS">
          <reporter-output>
          </reporter-output>
        </test-method> <!-- Openapp -->
        <test-method signature="Login()[pri:2, instance:Day12.SecondTest@20deea7f]" started-at="2024-04-10T10:12:22 IST" name="Login" finished-at="2024-04-10T10:12:24 IST" duration-ms="2612" status="PASS">
          <reporter-output>
          </reporter-output>
        </test-method> <!-- Login -->
        <test-method signature="closeapp()[pri:3, instance:Day12.SecondTest@20deea7f]" started-at="2024-04-10T10:12:24 IST" name="closeapp" finished-at="2024-04-10T10:12:25 IST" duration-ms="146" status="PASS">
          <reporter-output>
          </reporter-output>
        </test-method> <!-- closeapp -->
      </class> <!-- Day12.SecondTest -->
    </test> <!-- Test -->
  </suite> <!-- Suite -->
</testng-results>
